FATAL [Thread-2] 2021-07-13 23:26:28,893 repast.simphony.ui.GUIScheduleRunner - RunTimeException when running the schedule
Current tick (0.0)
java.lang.RuntimeException: java.lang.reflect.InvocationTargetException
	at repast.simphony.engine.schedule.DynamicTargetAction.execute(DynamicTargetAction.java:72)
	at repast.simphony.engine.controller.ScheduledMethodControllerAction$ScheduleMethodAllAction.execute(ScheduledMethodControllerAction.java:336)
	at repast.simphony.engine.schedule.DefaultAction.execute(DefaultAction.java:38)
	at repast.simphony.engine.schedule.ScheduleGroup.executeList(ScheduleGroup.java:205)
	at repast.simphony.engine.schedule.ScheduleGroup.execute(ScheduleGroup.java:231)
	at repast.simphony.engine.schedule.Schedule.execute(Schedule.java:352)
	at repast.simphony.ui.GUIScheduleRunner$ScheduleLoopRunnable.run(GUIScheduleRunner.java:52)
	at java.base/java.lang.Thread.run(Thread.java:832)
Caused by: java.lang.reflect.InvocationTargetException
	at unrestSocial.Region$$FastClassByCGLIB$$9ada5fc8.invoke(<generated>)
	at net.sf.cglib.reflect.FastMethod.invoke(FastMethod.java:53)
	at repast.simphony.engine.schedule.DynamicTargetAction.execute(DynamicTargetAction.java:69)
	... 7 more
Caused by: java.lang.IndexOutOfBoundsException: Index -1 out of bounds for length 1536
	at java.base/jdk.internal.util.Preconditions.outOfBounds(Preconditions.java:64)
	at java.base/jdk.internal.util.Preconditions.outOfBoundsCheckIndex(Preconditions.java:70)
	at java.base/jdk.internal.util.Preconditions.checkIndex(Preconditions.java:248)
	at java.base/java.util.Objects.checkIndex(Objects.java:359)
	at java.base/java.util.ArrayList.get(ArrayList.java:427)
	at unrestSocial.Tsim.getVector(Tsim.java:39)
	at unrestSocial.Tsim.similarity(Tsim.java:77)
	at unrestSocial.Tsim.calc_t(Tsim.java:93)
	at unrestSocial.Likelihood.likelihood(Likelihood.java:40)
	at unrestSocial.Likelihood.calc_l(Likelihood.java:49)
	at unrestSocial.Probability.calcProbability(Probability.java:72)
	at unrestSocial.Region.next(Region.java:153)
	... 10 more
FATAL [Thread-2] 2021-07-13 23:32:46,450 repast.simphony.ui.GUIScheduleRunner - RunTimeException when running the schedule
Current tick (0.0)
java.lang.RuntimeException: java.lang.reflect.InvocationTargetException
	at repast.simphony.engine.schedule.DynamicTargetAction.execute(DynamicTargetAction.java:72)
	at repast.simphony.engine.controller.ScheduledMethodControllerAction$ScheduleMethodAllAction.execute(ScheduledMethodControllerAction.java:336)
	at repast.simphony.engine.schedule.DefaultAction.execute(DefaultAction.java:38)
	at repast.simphony.engine.schedule.ScheduleGroup.executeList(ScheduleGroup.java:205)
	at repast.simphony.engine.schedule.ScheduleGroup.execute(ScheduleGroup.java:231)
	at repast.simphony.engine.schedule.Schedule.execute(Schedule.java:352)
	at repast.simphony.ui.GUIScheduleRunner$ScheduleLoopRunnable.run(GUIScheduleRunner.java:52)
	at java.base/java.lang.Thread.run(Thread.java:832)
Caused by: java.lang.reflect.InvocationTargetException
	at unrestSocial.Region$$FastClassByCGLIB$$9ada5fc8.invoke(<generated>)
	at net.sf.cglib.reflect.FastMethod.invoke(FastMethod.java:53)
	at repast.simphony.engine.schedule.DynamicTargetAction.execute(DynamicTargetAction.java:69)
	... 7 more
Caused by: java.lang.IndexOutOfBoundsException: Index -1 out of bounds for length 1536
	at java.base/jdk.internal.util.Preconditions.outOfBounds(Preconditions.java:64)
	at java.base/jdk.internal.util.Preconditions.outOfBoundsCheckIndex(Preconditions.java:70)
	at java.base/jdk.internal.util.Preconditions.checkIndex(Preconditions.java:248)
	at java.base/java.util.Objects.checkIndex(Objects.java:359)
	at java.base/java.util.ArrayList.get(ArrayList.java:427)
	at unrestSocial.Bindex.getVector(Bindex.java:34)
	at unrestSocial.Bindex.calc_sim(Bindex.java:73)
	at unrestSocial.Bindex.calc_b(Bindex.java:81)
	at unrestSocial.Likelihood.likelihood(Likelihood.java:40)
	at unrestSocial.Likelihood.calc_l(Likelihood.java:49)
	at unrestSocial.Probability.calcProbability(Probability.java:72)
	at unrestSocial.Region.next(Region.java:153)
	... 10 more
FATAL [Thread-2] 2021-07-13 23:34:56,884 repast.simphony.ui.GUIScheduleRunner - RunTimeException when running the schedule
Current tick (0.0)
java.lang.RuntimeException: java.lang.reflect.InvocationTargetException
	at repast.simphony.engine.schedule.DynamicTargetAction.execute(DynamicTargetAction.java:72)
	at repast.simphony.engine.controller.ScheduledMethodControllerAction$ScheduleMethodAllAction.execute(ScheduledMethodControllerAction.java:336)
	at repast.simphony.engine.schedule.DefaultAction.execute(DefaultAction.java:38)
	at repast.simphony.engine.schedule.ScheduleGroup.executeList(ScheduleGroup.java:205)
	at repast.simphony.engine.schedule.ScheduleGroup.execute(ScheduleGroup.java:231)
	at repast.simphony.engine.schedule.Schedule.execute(Schedule.java:352)
	at repast.simphony.ui.GUIScheduleRunner$ScheduleLoopRunnable.run(GUIScheduleRunner.java:52)
	at java.base/java.lang.Thread.run(Thread.java:832)
Caused by: java.lang.reflect.InvocationTargetException
	at unrestSocial.Region$$FastClassByCGLIB$$9ada5fc8.invoke(<generated>)
	at net.sf.cglib.reflect.FastMethod.invoke(FastMethod.java:53)
	at repast.simphony.engine.schedule.DynamicTargetAction.execute(DynamicTargetAction.java:69)
	... 7 more
Caused by: java.lang.IndexOutOfBoundsException: Index -1 out of bounds for length 1536
	at java.base/jdk.internal.util.Preconditions.outOfBounds(Preconditions.java:64)
	at java.base/jdk.internal.util.Preconditions.outOfBoundsCheckIndex(Preconditions.java:70)
	at java.base/jdk.internal.util.Preconditions.checkIndex(Preconditions.java:248)
	at java.base/java.util.Objects.checkIndex(Objects.java:359)
	at java.base/java.util.ArrayList.get(ArrayList.java:427)
	at unrestSocial.Bindex.getVector(Bindex.java:34)
	at unrestSocial.Bindex.calc_sim(Bindex.java:73)
	at unrestSocial.Bindex.calc_b(Bindex.java:81)
	at unrestSocial.Likelihood.likelihood(Likelihood.java:40)
	at unrestSocial.Likelihood.calc_l(Likelihood.java:49)
	at unrestSocial.Probability.calcProbability(Probability.java:72)
	at unrestSocial.Region.next(Region.java:153)
	... 10 more
FATAL [Thread-2] 2021-07-13 23:35:43,546 repast.simphony.ui.GUIScheduleRunner - RunTimeException when running the schedule
Current tick (0.0)
java.lang.RuntimeException: java.lang.reflect.InvocationTargetException
	at repast.simphony.engine.schedule.DynamicTargetAction.execute(DynamicTargetAction.java:72)
	at repast.simphony.engine.controller.ScheduledMethodControllerAction$ScheduleMethodAllAction.execute(ScheduledMethodControllerAction.java:336)
	at repast.simphony.engine.schedule.DefaultAction.execute(DefaultAction.java:38)
	at repast.simphony.engine.schedule.ScheduleGroup.executeList(ScheduleGroup.java:205)
	at repast.simphony.engine.schedule.ScheduleGroup.execute(ScheduleGroup.java:231)
	at repast.simphony.engine.schedule.Schedule.execute(Schedule.java:352)
	at repast.simphony.ui.GUIScheduleRunner$ScheduleLoopRunnable.run(GUIScheduleRunner.java:52)
	at java.base/java.lang.Thread.run(Thread.java:832)
Caused by: java.lang.reflect.InvocationTargetException
	at unrestSocial.Region$$FastClassByCGLIB$$9ada5fc8.invoke(<generated>)
	at net.sf.cglib.reflect.FastMethod.invoke(FastMethod.java:53)
	at repast.simphony.engine.schedule.DynamicTargetAction.execute(DynamicTargetAction.java:69)
	... 7 more
Caused by: java.lang.IndexOutOfBoundsException: Index -1 out of bounds for length 1536
	at java.base/jdk.internal.util.Preconditions.outOfBounds(Preconditions.java:64)
	at java.base/jdk.internal.util.Preconditions.outOfBoundsCheckIndex(Preconditions.java:70)
	at java.base/jdk.internal.util.Preconditions.checkIndex(Preconditions.java:248)
	at java.base/java.util.Objects.checkIndex(Objects.java:359)
	at java.base/java.util.ArrayList.get(ArrayList.java:427)
	at unrestSocial.Bindex.get_intensity(Bindex.java:65)
	at unrestSocial.Bindex.calc_b(Bindex.java:81)
	at unrestSocial.Likelihood.likelihood(Likelihood.java:40)
	at unrestSocial.Likelihood.calc_l(Likelihood.java:49)
	at unrestSocial.Probability.calcProbability(Probability.java:72)
	at unrestSocial.Region.next(Region.java:153)
	... 10 more
FATAL [Thread-2] 2021-07-13 23:37:11,258 repast.simphony.ui.GUIScheduleRunner - RunTimeException when running the schedule
Current tick (0.0)
java.lang.RuntimeException: java.lang.reflect.InvocationTargetException
	at repast.simphony.engine.schedule.DynamicTargetAction.execute(DynamicTargetAction.java:72)
	at repast.simphony.engine.controller.ScheduledMethodControllerAction$ScheduleMethodAllAction.execute(ScheduledMethodControllerAction.java:336)
	at repast.simphony.engine.schedule.DefaultAction.execute(DefaultAction.java:38)
	at repast.simphony.engine.schedule.ScheduleGroup.executeList(ScheduleGroup.java:205)
	at repast.simphony.engine.schedule.ScheduleGroup.execute(ScheduleGroup.java:231)
	at repast.simphony.engine.schedule.Schedule.execute(Schedule.java:352)
	at repast.simphony.ui.GUIScheduleRunner$ScheduleLoopRunnable.run(GUIScheduleRunner.java:52)
	at java.base/java.lang.Thread.run(Thread.java:832)
Caused by: java.lang.reflect.InvocationTargetException
	at unrestSocial.Region$$FastClassByCGLIB$$9ada5fc8.invoke(<generated>)
	at net.sf.cglib.reflect.FastMethod.invoke(FastMethod.java:53)
	at repast.simphony.engine.schedule.DynamicTargetAction.execute(DynamicTargetAction.java:69)
	... 7 more
Caused by: java.lang.IndexOutOfBoundsException: Index -1 out of bounds for length 1536
	at java.base/jdk.internal.util.Preconditions.outOfBounds(Preconditions.java:64)
	at java.base/jdk.internal.util.Preconditions.outOfBoundsCheckIndex(Preconditions.java:70)
	at java.base/jdk.internal.util.Preconditions.checkIndex(Preconditions.java:248)
	at java.base/java.util.Objects.checkIndex(Objects.java:359)
	at java.base/java.util.ArrayList.get(ArrayList.java:427)
	at unrestSocial.Tsim.getVector(Tsim.java:36)
	at unrestSocial.Tsim.aplha(Tsim.java:63)
	at unrestSocial.Tsim.calc_t(Tsim.java:91)
	at unrestSocial.Likelihood.likelihood(Likelihood.java:40)
	at unrestSocial.Likelihood.calc_l(Likelihood.java:49)
	at unrestSocial.Probability.calcProbability(Probability.java:81)
	at unrestSocial.Region.next(Region.java:153)
	... 10 more
FATAL [Thread-2] 2021-07-13 23:40:02,231 repast.simphony.ui.GUIScheduleRunner - RunTimeException when running the schedule
Current tick (0.0)
java.lang.RuntimeException: java.lang.reflect.InvocationTargetException
	at repast.simphony.engine.schedule.DynamicTargetAction.execute(DynamicTargetAction.java:72)
	at repast.simphony.engine.controller.ScheduledMethodControllerAction$ScheduleMethodAllAction.execute(ScheduledMethodControllerAction.java:336)
	at repast.simphony.engine.schedule.DefaultAction.execute(DefaultAction.java:38)
	at repast.simphony.engine.schedule.ScheduleGroup.executeList(ScheduleGroup.java:205)
	at repast.simphony.engine.schedule.ScheduleGroup.execute(ScheduleGroup.java:231)
	at repast.simphony.engine.schedule.Schedule.execute(Schedule.java:352)
	at repast.simphony.ui.GUIScheduleRunner$ScheduleLoopRunnable.run(GUIScheduleRunner.java:52)
	at java.base/java.lang.Thread.run(Thread.java:832)
Caused by: java.lang.reflect.InvocationTargetException
	at unrestSocial.Region$$FastClassByCGLIB$$9ada5fc8.invoke(<generated>)
	at net.sf.cglib.reflect.FastMethod.invoke(FastMethod.java:53)
	at repast.simphony.engine.schedule.DynamicTargetAction.execute(DynamicTargetAction.java:69)
	... 7 more
Caused by: java.lang.IndexOutOfBoundsException: Index -1 out of bounds for length 1536
	at java.base/jdk.internal.util.Preconditions.outOfBounds(Preconditions.java:64)
	at java.base/jdk.internal.util.Preconditions.outOfBoundsCheckIndex(Preconditions.java:70)
	at java.base/jdk.internal.util.Preconditions.checkIndex(Preconditions.java:248)
	at java.base/java.util.Objects.checkIndex(Objects.java:359)
	at java.base/java.util.ArrayList.get(ArrayList.java:427)
	at unrestSocial.Tsim.getVector(Tsim.java:36)
	at unrestSocial.Tsim.similarity(Tsim.java:76)
	at unrestSocial.Tsim.calc_t(Tsim.java:92)
	at unrestSocial.Likelihood.likelihood(Likelihood.java:40)
	at unrestSocial.Likelihood.calc_l(Likelihood.java:49)
	at unrestSocial.Probability.calcProbability(Probability.java:72)
	at unrestSocial.Region.next(Region.java:153)
	... 10 more
FATAL [Thread-2] 2021-07-17 13:14:10,201 repast.simphony.ui.GUIScheduleRunner - RunTimeException when running the schedule
Current tick (0.0)
java.lang.RuntimeException: java.lang.reflect.InvocationTargetException
	at repast.simphony.engine.schedule.DynamicTargetAction.execute(DynamicTargetAction.java:72)
	at repast.simphony.engine.controller.ScheduledMethodControllerAction$ScheduleMethodAllAction.execute(ScheduledMethodControllerAction.java:336)
	at repast.simphony.engine.schedule.DefaultAction.execute(DefaultAction.java:38)
	at repast.simphony.engine.schedule.ScheduleGroup.executeList(ScheduleGroup.java:205)
	at repast.simphony.engine.schedule.ScheduleGroup.execute(ScheduleGroup.java:231)
	at repast.simphony.engine.schedule.Schedule.execute(Schedule.java:352)
	at repast.simphony.ui.GUIScheduleRunner$ScheduleLoopRunnable.run(GUIScheduleRunner.java:52)
	at java.base/java.lang.Thread.run(Thread.java:832)
Caused by: java.lang.reflect.InvocationTargetException
	at unrestSocial.Region$$FastClassByCGLIB$$9ada5fc8.invoke(<generated>)
	at net.sf.cglib.reflect.FastMethod.invoke(FastMethod.java:53)
	at repast.simphony.engine.schedule.DynamicTargetAction.execute(DynamicTargetAction.java:69)
	... 7 more
Caused by: java.lang.IndexOutOfBoundsException: Index 7 out of bounds for length 7
	at java.base/jdk.internal.util.Preconditions.outOfBounds(Preconditions.java:64)
	at java.base/jdk.internal.util.Preconditions.outOfBoundsCheckIndex(Preconditions.java:70)
	at java.base/jdk.internal.util.Preconditions.checkIndex(Preconditions.java:248)
	at java.base/java.util.Objects.checkIndex(Objects.java:359)
	at java.base/java.util.ArrayList.get(ArrayList.java:427)
	at unrestSocial.Bindex.get_intensity(Bindex.java:65)
	at unrestSocial.Bindex.calc_b(Bindex.java:81)
	at unrestSocial.Likelihood.likelihood(Likelihood.java:40)
	at unrestSocial.Likelihood.calc_l(Likelihood.java:49)
	at unrestSocial.Probability.calcProbability(Probability.java:71)
	at unrestSocial.Region.next(Region.java:153)
	... 10 more
FATAL [Thread-2] 2021-07-17 16:19:46,387 repast.simphony.ui.GUIScheduleRunner - RunTimeException when running the schedule
Current tick (0.0)
java.lang.RuntimeException: java.lang.reflect.InvocationTargetException
	at repast.simphony.engine.schedule.DynamicTargetAction.execute(DynamicTargetAction.java:72)
	at repast.simphony.engine.controller.ScheduledMethodControllerAction$ScheduleMethodAllAction.execute(ScheduledMethodControllerAction.java:336)
	at repast.simphony.engine.schedule.DefaultAction.execute(DefaultAction.java:38)
	at repast.simphony.engine.schedule.ScheduleGroup.executeList(ScheduleGroup.java:205)
	at repast.simphony.engine.schedule.ScheduleGroup.execute(ScheduleGroup.java:231)
	at repast.simphony.engine.schedule.Schedule.execute(Schedule.java:352)
	at repast.simphony.ui.GUIScheduleRunner$ScheduleLoopRunnable.run(GUIScheduleRunner.java:52)
	at java.base/java.lang.Thread.run(Thread.java:832)
Caused by: java.lang.reflect.InvocationTargetException
	at unrestSocial.Region$$FastClassByCGLIB$$9ada5fc8.invoke(<generated>)
	at net.sf.cglib.reflect.FastMethod.invoke(FastMethod.java:53)
	at repast.simphony.engine.schedule.DynamicTargetAction.execute(DynamicTargetAction.java:69)
	... 7 more
Caused by: java.lang.IndexOutOfBoundsException: Index 1344 out of bounds for length 32
	at java.base/jdk.internal.util.Preconditions.outOfBounds(Preconditions.java:64)
	at java.base/jdk.internal.util.Preconditions.outOfBoundsCheckIndex(Preconditions.java:70)
	at java.base/jdk.internal.util.Preconditions.checkIndex(Preconditions.java:248)
	at java.base/java.util.Objects.checkIndex(Objects.java:359)
	at java.base/java.util.ArrayList.get(ArrayList.java:427)
	at unrestSocial.Neighbor.getVector(Neighbor.java:55)
	at unrestSocial.Neighbor.findNeighbor(Neighbor.java:96)
	at unrestSocial.Determinestate.neighborStatelist(Determinestate.java:157)
	at unrestSocial.Probability.calcProbability(Probability.java:49)
	at unrestSocial.Region.next(Region.java:153)
	... 10 more
ERROR [AWT-EventQueue-0] 2021-07-17 17:15:58,888 repast.simphony.ui.RSApplication - Scenario Load Error
repast.simphony.scenario.ScenarioLoadException: Schema violation when setting parameter 'run' to 1.0
	at repast.simphony.scenario.ScenarioLoader.load(ScenarioLoader.java:229)
	at repast.simphony.ui.RSApplication.open(RSApplication.java:359)
	at repast.simphony.ui.RSAppConfigurator.postWindowOpen(RSAppConfigurator.java:39)
	at saf.core.ui.GUICreatorDelegate.runDisplay(GUICreatorDelegate.java:216)
	at saf.core.ui.GUICreator$1.run(GUICreator.java:18)
	at simphony.util.ThreadUtilities$Runner.run(ThreadUtilities.java:33)
	at simphony.util.ThreadUtilities.runInEventThread(ThreadUtilities.java:47)
	at saf.core.ui.GUICreator.runDisplay(GUICreator.java:16)
	at repast.simphony.ui.RSUIPlugin$1.run(RSUIPlugin.java:101)
	at java.desktop/java.awt.event.InvocationEvent.dispatch(InvocationEvent.java:316)
	at java.desktop/java.awt.EventQueue.dispatchEventImpl(EventQueue.java:770)
	at java.desktop/java.awt.EventQueue$4.run(EventQueue.java:721)
	at java.desktop/java.awt.EventQueue$4.run(EventQueue.java:715)
	at java.base/java.security.AccessController.doPrivileged(AccessController.java:391)
	at java.base/java.security.ProtectionDomain$JavaSecurityAccessImpl.doIntersectionPrivilege(ProtectionDomain.java:85)
	at java.desktop/java.awt.EventQueue.dispatchEvent(EventQueue.java:740)
	at java.desktop/java.awt.EventDispatchThread.pumpOneEventForFilters(EventDispatchThread.java:203)
	at java.desktop/java.awt.EventDispatchThread.pumpEventsForFilter(EventDispatchThread.java:124)
	at java.desktop/java.awt.EventDispatchThread.pumpEventsForHierarchy(EventDispatchThread.java:113)
	at java.desktop/java.awt.EventDispatchThread.pumpEvents(EventDispatchThread.java:109)
	at java.desktop/java.awt.EventDispatchThread.pumpEvents(EventDispatchThread.java:101)
	at java.desktop/java.awt.EventDispatchThread.run(EventDispatchThread.java:90)
Caused by: repast.simphony.parameter.IllegalParameterException: Schema violation when setting parameter 'run' to 1.0
	at repast.simphony.parameter.DefaultParameters.setValue(DefaultParameters.java:364)
	at repast.simphony.parameter.DefaultParameters.<init>(DefaultParameters.java:55)
	at repast.simphony.parameter.ParametersCreator.createParameters(ParametersCreator.java:160)
	at repast.simphony.parameter.ParametersParser.getParameters(ParametersParser.java:60)
	at repast.simphony.scenario.ScenarioLoader.load(ScenarioLoader.java:175)
	... 21 more
INFO  [AWT-EventQueue-0] 2021-07-18 12:16:19,592 repast.simphony.batch.gui.BatchConfigMediator - Writing batch run config file to: /Users/aadhikari/Documents/Simulation/Tn/MATRIX_FINAL_SUBMISSION/UnrestProject/UnrestSocial/output/config.props
INFO  [AWT-EventQueue-0] 2021-07-18 12:16:19,640 repast.simphony.batch.gui.BatchConfigMediator - Unrolling batch parameter file:
	/Users/aadhikari/Documents/Simulation/Tn/MATRIX_FINAL_SUBMISSION/UnrestProject/UnrestSocial/batch/batch_params.xml to
	/var/folders/4n/7zq8xg4s2b53s59brx6hr1l00000gn/T/unrolledParamFile.txt
WARN  [AWT-EventQueue-0] 2021-07-18 15:55:34,628 repast.simphony.scenario.AbstractActionLoader - Error attempting to load file '/Users/aadhikari/Documents/Simulation/Tn/MATRIX_FINAL_SUBMISSION/UnrestProject/UnrestSocial/UnrestSocial.rs/repast.simphony.action.data_set_1.xml'. Not loading the action from that file.
java.io.FileNotFoundException: /Users/aadhikari/Documents/Simulation/Tn/MATRIX_FINAL_SUBMISSION/UnrestProject/UnrestSocial/UnrestSocial.rs/repast.simphony.action.data_set_1.xml (No such file or directory)
	at java.io.FileInputStream.open0(Native Method)
	at java.io.FileInputStream.open(FileInputStream.java:195)
	at java.io.FileInputStream.<init>(FileInputStream.java:138)
	at java.io.FileReader.<init>(FileReader.java:72)
	at repast.simphony.scenario.AbstractActionLoader.loadAction(AbstractActionLoader.java:34)
	at repast.simphony.scenario.ScenarioFileLoader.createActions(ScenarioFileLoader.java:90)
	at repast.simphony.scenario.ScenarioFileLoader.load(ScenarioFileLoader.java:66)
	at repast.simphony.scenario.ScenarioLoader.load(ScenarioLoader.java:199)
	at repast.simphony.ui.RSApplication.open(RSApplication.java:359)
	at repast.simphony.ui.RSAppConfigurator.postWindowOpen(RSAppConfigurator.java:39)
	at saf.core.ui.GUICreatorDelegate.runDisplay(GUICreatorDelegate.java:216)
	at saf.core.ui.GUICreator$1.run(GUICreator.java:18)
	at simphony.util.ThreadUtilities$Runner.run(ThreadUtilities.java:33)
	at simphony.util.ThreadUtilities.runInEventThread(ThreadUtilities.java:47)
	at saf.core.ui.GUICreator.runDisplay(GUICreator.java:16)
	at repast.simphony.ui.RSUIPlugin$1.run(RSUIPlugin.java:101)
	at java.awt.event.InvocationEvent.dispatch(InvocationEvent.java:311)
	at java.awt.EventQueue.dispatchEventImpl(EventQueue.java:758)
	at java.awt.EventQueue.access$500(EventQueue.java:97)
	at java.awt.EventQueue$3.run(EventQueue.java:709)
	at java.awt.EventQueue$3.run(EventQueue.java:703)
	at java.security.AccessController.doPrivileged(Native Method)
	at java.security.ProtectionDomain$JavaSecurityAccessImpl.doIntersectionPrivilege(ProtectionDomain.java:74)
	at java.awt.EventQueue.dispatchEvent(EventQueue.java:728)
	at java.awt.EventDispatchThread.pumpOneEventForFilters(EventDispatchThread.java:205)
	at java.awt.EventDispatchThread.pumpEventsForFilter(EventDispatchThread.java:116)
	at java.awt.EventDispatchThread.pumpEventsForHierarchy(EventDispatchThread.java:105)
	at java.awt.EventDispatchThread.pumpEvents(EventDispatchThread.java:101)
	at java.awt.EventDispatchThread.pumpEvents(EventDispatchThread.java:93)
	at java.awt.EventDispatchThread.run(EventDispatchThread.java:82)
WARN  [AWT-EventQueue-0] 2021-07-18 15:55:34,643 repast.simphony.scenario.AbstractActionLoader - Error attempting to load file '/Users/aadhikari/Documents/Simulation/Tn/MATRIX_FINAL_SUBMISSION/UnrestProject/UnrestSocial/UnrestSocial.rs/repast.simphony.action.file_sink_3.xml'. Not loading the action from that file.
java.io.FileNotFoundException: /Users/aadhikari/Documents/Simulation/Tn/MATRIX_FINAL_SUBMISSION/UnrestProject/UnrestSocial/UnrestSocial.rs/repast.simphony.action.file_sink_3.xml (No such file or directory)
	at java.io.FileInputStream.open0(Native Method)
	at java.io.FileInputStream.open(FileInputStream.java:195)
	at java.io.FileInputStream.<init>(FileInputStream.java:138)
	at java.io.FileReader.<init>(FileReader.java:72)
	at repast.simphony.scenario.AbstractActionLoader.loadAction(AbstractActionLoader.java:34)
	at repast.simphony.scenario.ScenarioFileLoader.createActions(ScenarioFileLoader.java:90)
	at repast.simphony.scenario.ScenarioFileLoader.load(ScenarioFileLoader.java:66)
	at repast.simphony.scenario.ScenarioLoader.load(ScenarioLoader.java:199)
	at repast.simphony.ui.RSApplication.open(RSApplication.java:359)
	at repast.simphony.ui.RSAppConfigurator.postWindowOpen(RSAppConfigurator.java:39)
	at saf.core.ui.GUICreatorDelegate.runDisplay(GUICreatorDelegate.java:216)
	at saf.core.ui.GUICreator$1.run(GUICreator.java:18)
	at simphony.util.ThreadUtilities$Runner.run(ThreadUtilities.java:33)
	at simphony.util.ThreadUtilities.runInEventThread(ThreadUtilities.java:47)
	at saf.core.ui.GUICreator.runDisplay(GUICreator.java:16)
	at repast.simphony.ui.RSUIPlugin$1.run(RSUIPlugin.java:101)
	at java.awt.event.InvocationEvent.dispatch(InvocationEvent.java:311)
	at java.awt.EventQueue.dispatchEventImpl(EventQueue.java:758)
	at java.awt.EventQueue.access$500(EventQueue.java:97)
	at java.awt.EventQueue$3.run(EventQueue.java:709)
	at java.awt.EventQueue$3.run(EventQueue.java:703)
	at java.security.AccessController.doPrivileged(Native Method)
	at java.security.ProtectionDomain$JavaSecurityAccessImpl.doIntersectionPrivilege(ProtectionDomain.java:74)
	at java.awt.EventQueue.dispatchEvent(EventQueue.java:728)
	at java.awt.EventDispatchThread.pumpOneEventForFilters(EventDispatchThread.java:205)
	at java.awt.EventDispatchThread.pumpEventsForFilter(EventDispatchThread.java:116)
	at java.awt.EventDispatchThread.pumpEventsForHierarchy(EventDispatchThread.java:105)
	at java.awt.EventDispatchThread.pumpEvents(EventDispatchThread.java:101)
	at java.awt.EventDispatchThread.pumpEvents(EventDispatchThread.java:93)
	at java.awt.EventDispatchThread.run(EventDispatchThread.java:82)
WARN  [AWT-EventQueue-0] 2021-07-18 16:34:48,773 repast.simphony.scenario.AbstractActionLoader - Error attempting to load file '/Users/aadhikari/Documents/Simulation/Tn/MATRIX_FINAL_SUBMISSION/UnrestProject/UnrestSocial/UnrestSocial.rs/repast.simphony.action.data_set_1.xml'. Not loading the action from that file.
java.io.FileNotFoundException: /Users/aadhikari/Documents/Simulation/Tn/MATRIX_FINAL_SUBMISSION/UnrestProject/UnrestSocial/UnrestSocial.rs/repast.simphony.action.data_set_1.xml (No such file or directory)
	at java.base/java.io.FileInputStream.open0(Native Method)
	at java.base/java.io.FileInputStream.open(FileInputStream.java:220)
	at java.base/java.io.FileInputStream.<init>(FileInputStream.java:158)
	at java.base/java.io.FileReader.<init>(FileReader.java:72)
	at repast.simphony.scenario.AbstractActionLoader.loadAction(AbstractActionLoader.java:34)
	at repast.simphony.scenario.ScenarioFileLoader.createActions(ScenarioFileLoader.java:90)
	at repast.simphony.scenario.ScenarioFileLoader.load(ScenarioFileLoader.java:66)
	at repast.simphony.scenario.ScenarioLoader.load(ScenarioLoader.java:199)
	at repast.simphony.ui.RSApplication.open(RSApplication.java:359)
	at repast.simphony.ui.RSAppConfigurator.postWindowOpen(RSAppConfigurator.java:39)
	at saf.core.ui.GUICreatorDelegate.runDisplay(GUICreatorDelegate.java:216)
	at saf.core.ui.GUICreator$1.run(GUICreator.java:18)
	at simphony.util.ThreadUtilities$Runner.run(ThreadUtilities.java:33)
	at simphony.util.ThreadUtilities.runInEventThread(ThreadUtilities.java:47)
	at saf.core.ui.GUICreator.runDisplay(GUICreator.java:16)
	at repast.simphony.ui.RSUIPlugin$1.run(RSUIPlugin.java:101)
	at java.desktop/java.awt.event.InvocationEvent.dispatch(InvocationEvent.java:313)
	at java.desktop/java.awt.EventQueue.dispatchEventImpl(EventQueue.java:770)
	at java.desktop/java.awt.EventQueue.access$600(EventQueue.java:97)
	at java.desktop/java.awt.EventQueue$4.run(EventQueue.java:721)
	at java.desktop/java.awt.EventQueue$4.run(EventQueue.java:715)
	at java.base/java.security.AccessController.doPrivileged(Native Method)
	at java.base/java.security.ProtectionDomain$JavaSecurityAccessImpl.doIntersectionPrivilege(ProtectionDomain.java:87)
	at java.desktop/java.awt.EventQueue.dispatchEvent(EventQueue.java:740)
	at java.desktop/java.awt.EventDispatchThread.pumpOneEventForFilters(EventDispatchThread.java:203)
	at java.desktop/java.awt.EventDispatchThread.pumpEventsForFilter(EventDispatchThread.java:124)
	at java.desktop/java.awt.EventDispatchThread.pumpEventsForHierarchy(EventDispatchThread.java:113)
	at java.desktop/java.awt.EventDispatchThread.pumpEvents(EventDispatchThread.java:109)
	at java.desktop/java.awt.EventDispatchThread.pumpEvents(EventDispatchThread.java:101)
	at java.desktop/java.awt.EventDispatchThread.run(EventDispatchThread.java:90)
WARN  [AWT-EventQueue-0] 2021-07-18 16:34:48,791 repast.simphony.scenario.AbstractActionLoader - Error attempting to load file '/Users/aadhikari/Documents/Simulation/Tn/MATRIX_FINAL_SUBMISSION/UnrestProject/UnrestSocial/UnrestSocial.rs/repast.simphony.action.file_sink_3.xml'. Not loading the action from that file.
java.io.FileNotFoundException: /Users/aadhikari/Documents/Simulation/Tn/MATRIX_FINAL_SUBMISSION/UnrestProject/UnrestSocial/UnrestSocial.rs/repast.simphony.action.file_sink_3.xml (No such file or directory)
	at java.base/java.io.FileInputStream.open0(Native Method)
	at java.base/java.io.FileInputStream.open(FileInputStream.java:220)
	at java.base/java.io.FileInputStream.<init>(FileInputStream.java:158)
	at java.base/java.io.FileReader.<init>(FileReader.java:72)
	at repast.simphony.scenario.AbstractActionLoader.loadAction(AbstractActionLoader.java:34)
	at repast.simphony.scenario.ScenarioFileLoader.createActions(ScenarioFileLoader.java:90)
	at repast.simphony.scenario.ScenarioFileLoader.load(ScenarioFileLoader.java:66)
	at repast.simphony.scenario.ScenarioLoader.load(ScenarioLoader.java:199)
	at repast.simphony.ui.RSApplication.open(RSApplication.java:359)
	at repast.simphony.ui.RSAppConfigurator.postWindowOpen(RSAppConfigurator.java:39)
	at saf.core.ui.GUICreatorDelegate.runDisplay(GUICreatorDelegate.java:216)
	at saf.core.ui.GUICreator$1.run(GUICreator.java:18)
	at simphony.util.ThreadUtilities$Runner.run(ThreadUtilities.java:33)
	at simphony.util.ThreadUtilities.runInEventThread(ThreadUtilities.java:47)
	at saf.core.ui.GUICreator.runDisplay(GUICreator.java:16)
	at repast.simphony.ui.RSUIPlugin$1.run(RSUIPlugin.java:101)
	at java.desktop/java.awt.event.InvocationEvent.dispatch(InvocationEvent.java:313)
	at java.desktop/java.awt.EventQueue.dispatchEventImpl(EventQueue.java:770)
	at java.desktop/java.awt.EventQueue.access$600(EventQueue.java:97)
	at java.desktop/java.awt.EventQueue$4.run(EventQueue.java:721)
	at java.desktop/java.awt.EventQueue$4.run(EventQueue.java:715)
	at java.base/java.security.AccessController.doPrivileged(Native Method)
	at java.base/java.security.ProtectionDomain$JavaSecurityAccessImpl.doIntersectionPrivilege(ProtectionDomain.java:87)
	at java.desktop/java.awt.EventQueue.dispatchEvent(EventQueue.java:740)
	at java.desktop/java.awt.EventDispatchThread.pumpOneEventForFilters(EventDispatchThread.java:203)
	at java.desktop/java.awt.EventDispatchThread.pumpEventsForFilter(EventDispatchThread.java:124)
	at java.desktop/java.awt.EventDispatchThread.pumpEventsForHierarchy(EventDispatchThread.java:113)
	at java.desktop/java.awt.EventDispatchThread.pumpEvents(EventDispatchThread.java:109)
	at java.desktop/java.awt.EventDispatchThread.pumpEvents(EventDispatchThread.java:101)
	at java.desktop/java.awt.EventDispatchThread.run(EventDispatchThread.java:90)
WARN  [AWT-EventQueue-0] 2021-07-18 16:36:49,178 repast.simphony.scenario.AbstractActionLoader - Error attempting to load file '/Users/aadhikari/Documents/Simulation/Tn/MATRIX_FINAL_SUBMISSION/UnrestProject/UnrestSocial/UnrestSocial.rs/repast.simphony.action.data_set_1.xml'. Not loading the action from that file.
java.io.FileNotFoundException: /Users/aadhikari/Documents/Simulation/Tn/MATRIX_FINAL_SUBMISSION/UnrestProject/UnrestSocial/UnrestSocial.rs/repast.simphony.action.data_set_1.xml (No such file or directory)
	at java.base/java.io.FileInputStream.open0(Native Method)
	at java.base/java.io.FileInputStream.open(FileInputStream.java:220)
	at java.base/java.io.FileInputStream.<init>(FileInputStream.java:158)
	at java.base/java.io.FileReader.<init>(FileReader.java:72)
	at repast.simphony.scenario.AbstractActionLoader.loadAction(AbstractActionLoader.java:34)
	at repast.simphony.scenario.ScenarioFileLoader.createActions(ScenarioFileLoader.java:90)
	at repast.simphony.scenario.ScenarioFileLoader.load(ScenarioFileLoader.java:66)
	at repast.simphony.scenario.ScenarioLoader.load(ScenarioLoader.java:199)
	at repast.simphony.ui.RSApplication.open(RSApplication.java:359)
	at repast.simphony.ui.RSAppConfigurator.postWindowOpen(RSAppConfigurator.java:39)
	at saf.core.ui.GUICreatorDelegate.runDisplay(GUICreatorDelegate.java:216)
	at saf.core.ui.GUICreator$1.run(GUICreator.java:18)
	at simphony.util.ThreadUtilities$Runner.run(ThreadUtilities.java:33)
	at simphony.util.ThreadUtilities.runInEventThread(ThreadUtilities.java:47)
	at saf.core.ui.GUICreator.runDisplay(GUICreator.java:16)
	at repast.simphony.ui.RSUIPlugin$1.run(RSUIPlugin.java:101)
	at java.desktop/java.awt.event.InvocationEvent.dispatch(InvocationEvent.java:313)
	at java.desktop/java.awt.EventQueue.dispatchEventImpl(EventQueue.java:770)
	at java.desktop/java.awt.EventQueue.access$600(EventQueue.java:97)
	at java.desktop/java.awt.EventQueue$4.run(EventQueue.java:721)
	at java.desktop/java.awt.EventQueue$4.run(EventQueue.java:715)
	at java.base/java.security.AccessController.doPrivileged(Native Method)
	at java.base/java.security.ProtectionDomain$JavaSecurityAccessImpl.doIntersectionPrivilege(ProtectionDomain.java:87)
	at java.desktop/java.awt.EventQueue.dispatchEvent(EventQueue.java:740)
	at java.desktop/java.awt.EventDispatchThread.pumpOneEventForFilters(EventDispatchThread.java:203)
	at java.desktop/java.awt.EventDispatchThread.pumpEventsForFilter(EventDispatchThread.java:124)
	at java.desktop/java.awt.EventDispatchThread.pumpEventsForHierarchy(EventDispatchThread.java:113)
	at java.desktop/java.awt.EventDispatchThread.pumpEvents(EventDispatchThread.java:109)
	at java.desktop/java.awt.EventDispatchThread.pumpEvents(EventDispatchThread.java:101)
	at java.desktop/java.awt.EventDispatchThread.run(EventDispatchThread.java:90)
WARN  [AWT-EventQueue-0] 2021-07-18 16:36:49,196 repast.simphony.scenario.AbstractActionLoader - Error attempting to load file '/Users/aadhikari/Documents/Simulation/Tn/MATRIX_FINAL_SUBMISSION/UnrestProject/UnrestSocial/UnrestSocial.rs/repast.simphony.action.file_sink_3.xml'. Not loading the action from that file.
java.io.FileNotFoundException: /Users/aadhikari/Documents/Simulation/Tn/MATRIX_FINAL_SUBMISSION/UnrestProject/UnrestSocial/UnrestSocial.rs/repast.simphony.action.file_sink_3.xml (No such file or directory)
	at java.base/java.io.FileInputStream.open0(Native Method)
	at java.base/java.io.FileInputStream.open(FileInputStream.java:220)
	at java.base/java.io.FileInputStream.<init>(FileInputStream.java:158)
	at java.base/java.io.FileReader.<init>(FileReader.java:72)
	at repast.simphony.scenario.AbstractActionLoader.loadAction(AbstractActionLoader.java:34)
	at repast.simphony.scenario.ScenarioFileLoader.createActions(ScenarioFileLoader.java:90)
	at repast.simphony.scenario.ScenarioFileLoader.load(ScenarioFileLoader.java:66)
	at repast.simphony.scenario.ScenarioLoader.load(ScenarioLoader.java:199)
	at repast.simphony.ui.RSApplication.open(RSApplication.java:359)
	at repast.simphony.ui.RSAppConfigurator.postWindowOpen(RSAppConfigurator.java:39)
	at saf.core.ui.GUICreatorDelegate.runDisplay(GUICreatorDelegate.java:216)
	at saf.core.ui.GUICreator$1.run(GUICreator.java:18)
	at simphony.util.ThreadUtilities$Runner.run(ThreadUtilities.java:33)
	at simphony.util.ThreadUtilities.runInEventThread(ThreadUtilities.java:47)
	at saf.core.ui.GUICreator.runDisplay(GUICreator.java:16)
	at repast.simphony.ui.RSUIPlugin$1.run(RSUIPlugin.java:101)
	at java.desktop/java.awt.event.InvocationEvent.dispatch(InvocationEvent.java:313)
	at java.desktop/java.awt.EventQueue.dispatchEventImpl(EventQueue.java:770)
	at java.desktop/java.awt.EventQueue.access$600(EventQueue.java:97)
	at java.desktop/java.awt.EventQueue$4.run(EventQueue.java:721)
	at java.desktop/java.awt.EventQueue$4.run(EventQueue.java:715)
	at java.base/java.security.AccessController.doPrivileged(Native Method)
	at java.base/java.security.ProtectionDomain$JavaSecurityAccessImpl.doIntersectionPrivilege(ProtectionDomain.java:87)
	at java.desktop/java.awt.EventQueue.dispatchEvent(EventQueue.java:740)
	at java.desktop/java.awt.EventDispatchThread.pumpOneEventForFilters(EventDispatchThread.java:203)
	at java.desktop/java.awt.EventDispatchThread.pumpEventsForFilter(EventDispatchThread.java:124)
	at java.desktop/java.awt.EventDispatchThread.pumpEventsForHierarchy(EventDispatchThread.java:113)
	at java.desktop/java.awt.EventDispatchThread.pumpEvents(EventDispatchThread.java:109)
	at java.desktop/java.awt.EventDispatchThread.pumpEvents(EventDispatchThread.java:101)
	at java.desktop/java.awt.EventDispatchThread.run(EventDispatchThread.java:90)
WARN  [AWT-EventQueue-0] 2021-07-18 16:38:10,966 repast.simphony.scenario.AbstractActionLoader - Error attempting to load file '/Users/aadhikari/Documents/Simulation/Tn/MATRIX_FINAL_SUBMISSION/UnrestProject/UnrestSocial/UnrestSocial.rs/repast.simphony.action.data_set_2.xml'. Not loading the action from that file.
java.io.FileNotFoundException: /Users/aadhikari/Documents/Simulation/Tn/MATRIX_FINAL_SUBMISSION/UnrestProject/UnrestSocial/UnrestSocial.rs/repast.simphony.action.data_set_2.xml (No such file or directory)
	at java.base/java.io.FileInputStream.open0(Native Method)
	at java.base/java.io.FileInputStream.open(FileInputStream.java:220)
	at java.base/java.io.FileInputStream.<init>(FileInputStream.java:158)
	at java.base/java.io.FileReader.<init>(FileReader.java:72)
	at repast.simphony.scenario.AbstractActionLoader.loadAction(AbstractActionLoader.java:34)
	at repast.simphony.scenario.ScenarioFileLoader.createActions(ScenarioFileLoader.java:90)
	at repast.simphony.scenario.ScenarioFileLoader.load(ScenarioFileLoader.java:66)
	at repast.simphony.scenario.ScenarioLoader.load(ScenarioLoader.java:199)
	at repast.simphony.ui.RSApplication.open(RSApplication.java:359)
	at repast.simphony.ui.RSAppConfigurator.postWindowOpen(RSAppConfigurator.java:39)
	at saf.core.ui.GUICreatorDelegate.runDisplay(GUICreatorDelegate.java:216)
	at saf.core.ui.GUICreator$1.run(GUICreator.java:18)
	at simphony.util.ThreadUtilities$Runner.run(ThreadUtilities.java:33)
	at simphony.util.ThreadUtilities.runInEventThread(ThreadUtilities.java:47)
	at saf.core.ui.GUICreator.runDisplay(GUICreator.java:16)
	at repast.simphony.ui.RSUIPlugin$1.run(RSUIPlugin.java:101)
	at java.desktop/java.awt.event.InvocationEvent.dispatch(InvocationEvent.java:313)
	at java.desktop/java.awt.EventQueue.dispatchEventImpl(EventQueue.java:770)
	at java.desktop/java.awt.EventQueue.access$600(EventQueue.java:97)
	at java.desktop/java.awt.EventQueue$4.run(EventQueue.java:721)
	at java.desktop/java.awt.EventQueue$4.run(EventQueue.java:715)
	at java.base/java.security.AccessController.doPrivileged(Native Method)
	at java.base/java.security.ProtectionDomain$JavaSecurityAccessImpl.doIntersectionPrivilege(ProtectionDomain.java:87)
	at java.desktop/java.awt.EventQueue.dispatchEvent(EventQueue.java:740)
	at java.desktop/java.awt.EventDispatchThread.pumpOneEventForFilters(EventDispatchThread.java:203)
	at java.desktop/java.awt.EventDispatchThread.pumpEventsForFilter(EventDispatchThread.java:124)
	at java.desktop/java.awt.EventDispatchThread.pumpEventsForHierarchy(EventDispatchThread.java:113)
	at java.desktop/java.awt.EventDispatchThread.pumpEvents(EventDispatchThread.java:109)
	at java.desktop/java.awt.EventDispatchThread.pumpEvents(EventDispatchThread.java:101)
	at java.desktop/java.awt.EventDispatchThread.run(EventDispatchThread.java:90)
WARN  [AWT-EventQueue-0] 2021-07-18 16:38:10,970 repast.simphony.scenario.AbstractActionLoader - Error attempting to load file '/Users/aadhikari/Documents/Simulation/Tn/MATRIX_FINAL_SUBMISSION/UnrestProject/UnrestSocial/UnrestSocial.rs/repast.simphony.action.file_sink_3.xml'. Not loading the action from that file.
java.io.FileNotFoundException: /Users/aadhikari/Documents/Simulation/Tn/MATRIX_FINAL_SUBMISSION/UnrestProject/UnrestSocial/UnrestSocial.rs/repast.simphony.action.file_sink_3.xml (No such file or directory)
	at java.base/java.io.FileInputStream.open0(Native Method)
	at java.base/java.io.FileInputStream.open(FileInputStream.java:220)
	at java.base/java.io.FileInputStream.<init>(FileInputStream.java:158)
	at java.base/java.io.FileReader.<init>(FileReader.java:72)
	at repast.simphony.scenario.AbstractActionLoader.loadAction(AbstractActionLoader.java:34)
	at repast.simphony.scenario.ScenarioFileLoader.createActions(ScenarioFileLoader.java:90)
	at repast.simphony.scenario.ScenarioFileLoader.load(ScenarioFileLoader.java:66)
	at repast.simphony.scenario.ScenarioLoader.load(ScenarioLoader.java:199)
	at repast.simphony.ui.RSApplication.open(RSApplication.java:359)
	at repast.simphony.ui.RSAppConfigurator.postWindowOpen(RSAppConfigurator.java:39)
	at saf.core.ui.GUICreatorDelegate.runDisplay(GUICreatorDelegate.java:216)
	at saf.core.ui.GUICreator$1.run(GUICreator.java:18)
	at simphony.util.ThreadUtilities$Runner.run(ThreadUtilities.java:33)
	at simphony.util.ThreadUtilities.runInEventThread(ThreadUtilities.java:47)
	at saf.core.ui.GUICreator.runDisplay(GUICreator.java:16)
	at repast.simphony.ui.RSUIPlugin$1.run(RSUIPlugin.java:101)
	at java.desktop/java.awt.event.InvocationEvent.dispatch(InvocationEvent.java:313)
	at java.desktop/java.awt.EventQueue.dispatchEventImpl(EventQueue.java:770)
	at java.desktop/java.awt.EventQueue.access$600(EventQueue.java:97)
	at java.desktop/java.awt.EventQueue$4.run(EventQueue.java:721)
	at java.desktop/java.awt.EventQueue$4.run(EventQueue.java:715)
	at java.base/java.security.AccessController.doPrivileged(Native Method)
	at java.base/java.security.ProtectionDomain$JavaSecurityAccessImpl.doIntersectionPrivilege(ProtectionDomain.java:87)
	at java.desktop/java.awt.EventQueue.dispatchEvent(EventQueue.java:740)
	at java.desktop/java.awt.EventDispatchThread.pumpOneEventForFilters(EventDispatchThread.java:203)
	at java.desktop/java.awt.EventDispatchThread.pumpEventsForFilter(EventDispatchThread.java:124)
	at java.desktop/java.awt.EventDispatchThread.pumpEventsForHierarchy(EventDispatchThread.java:113)
	at java.desktop/java.awt.EventDispatchThread.pumpEvents(EventDispatchThread.java:109)
	at java.desktop/java.awt.EventDispatchThread.pumpEvents(EventDispatchThread.java:101)
	at java.desktop/java.awt.EventDispatchThread.run(EventDispatchThread.java:90)
ERROR [AWT-EventQueue-0] 2021-07-18 16:38:56,185 repast.simphony.ui.RSApplication - Error while initializing simulation
java.lang.NullPointerException
	at repast.simphony.engine.controller.ScheduledMethodControllerAction.processContext(ScheduledMethodControllerAction.java:160)
	at repast.simphony.engine.controller.ScheduledMethodControllerAction.runInitialize(ScheduledMethodControllerAction.java:185)
	at repast.simphony.engine.controller.DefaultController$2.visit(DefaultController.java:214)
	at repast.simphony.engine.controller.DefaultController$2.visit(DefaultController.java:1)
	at repast.simphony.util.collections.NaryTree.preOrderTraverals(NaryTree.java:292)
	at repast.simphony.util.collections.NaryTree.preOrderTraverals(NaryTree.java:295)
	at repast.simphony.util.collections.NaryTree.preOrderTraversal(NaryTree.java:288)
	at repast.simphony.engine.controller.DefaultController.runInitialize(DefaultController.java:212)
	at repast.simphony.engine.controller.DefaultController.runInitialize(DefaultController.java:383)
	at repast.simphony.ui.RSApplication.initSim(RSApplication.java:157)
	at repast.simphony.ui.RSApplication.start(RSApplication.java:189)
	at repast.simphony.ui.action.StartRun.actionPerformed(StartRun.java:17)
	at java.desktop/javax.swing.AbstractButton.fireActionPerformed(AbstractButton.java:1967)
	at java.desktop/javax.swing.AbstractButton$Handler.actionPerformed(AbstractButton.java:2308)
	at java.desktop/javax.swing.DefaultButtonModel.fireActionPerformed(DefaultButtonModel.java:405)
	at java.desktop/javax.swing.DefaultButtonModel.setPressed(DefaultButtonModel.java:262)
	at java.desktop/javax.swing.plaf.basic.BasicButtonListener.mouseReleased(BasicButtonListener.java:270)
	at java.desktop/java.awt.AWTEventMulticaster.mouseReleased(AWTEventMulticaster.java:297)
	at java.desktop/java.awt.Component.processMouseEvent(Component.java:6589)
	at java.desktop/javax.swing.JComponent.processMouseEvent(JComponent.java:3342)
	at java.desktop/java.awt.Component.processEvent(Component.java:6354)
	at java.desktop/java.awt.Container.processEvent(Container.java:2261)
	at java.desktop/java.awt.Component.dispatchEventImpl(Component.java:4966)
	at java.desktop/java.awt.Container.dispatchEventImpl(Container.java:2319)
	at java.desktop/java.awt.Component.dispatchEvent(Component.java:4798)
	at java.desktop/java.awt.LightweightDispatcher.retargetMouseEvent(Container.java:4914)
	at java.desktop/java.awt.LightweightDispatcher.processMouseEvent(Container.java:4543)
	at java.desktop/java.awt.LightweightDispatcher.dispatchEvent(Container.java:4484)
	at java.desktop/java.awt.Container.dispatchEventImpl(Container.java:2305)
	at java.desktop/java.awt.Window.dispatchEventImpl(Window.java:2772)
	at java.desktop/java.awt.Component.dispatchEvent(Component.java:4798)
	at java.desktop/java.awt.EventQueue.dispatchEventImpl(EventQueue.java:772)
	at java.desktop/java.awt.EventQueue.access$600(EventQueue.java:97)
	at java.desktop/java.awt.EventQueue$4.run(EventQueue.java:721)
	at java.desktop/java.awt.EventQueue$4.run(EventQueue.java:715)
	at java.base/java.security.AccessController.doPrivileged(Native Method)
	at java.base/java.security.ProtectionDomain$JavaSecurityAccessImpl.doIntersectionPrivilege(ProtectionDomain.java:87)
	at java.base/java.security.ProtectionDomain$JavaSecurityAccessImpl.doIntersectionPrivilege(ProtectionDomain.java:97)
	at java.desktop/java.awt.EventQueue$5.run(EventQueue.java:745)
	at java.desktop/java.awt.EventQueue$5.run(EventQueue.java:743)
	at java.base/java.security.AccessController.doPrivileged(Native Method)
	at java.base/java.security.ProtectionDomain$JavaSecurityAccessImpl.doIntersectionPrivilege(ProtectionDomain.java:87)
	at java.desktop/java.awt.EventQueue.dispatchEvent(EventQueue.java:742)
	at java.desktop/java.awt.EventDispatchThread.pumpOneEventForFilters(EventDispatchThread.java:203)
	at java.desktop/java.awt.EventDispatchThread.pumpEventsForFilter(EventDispatchThread.java:124)
	at java.desktop/java.awt.EventDispatchThread.pumpEventsForHierarchy(EventDispatchThread.java:113)
	at java.desktop/java.awt.EventDispatchThread.pumpEvents(EventDispatchThread.java:109)
	at java.desktop/java.awt.EventDispatchThread.pumpEvents(EventDispatchThread.java:101)
	at java.desktop/java.awt.EventDispatchThread.run(EventDispatchThread.java:90)
INFO  [AWT-EventQueue-0] 2021-07-18 18:51:58,569 repast.simphony.batch.gui.BatchConfigMediator - Writing batch run config file to: /Users/aadhikari/Documents/Simulation/Tn/MATRIX_FINAL_SUBMISSION/UnrestProject/UnrestSocial/output/config.props
INFO  [AWT-EventQueue-0] 2021-07-18 18:51:58,635 repast.simphony.batch.gui.BatchConfigMediator - Unrolling batch parameter file:
	/Users/aadhikari/Documents/Simulation/Tn/MATRIX_FINAL_SUBMISSION/UnrestProject/UnrestSocial/batch/batch_params.xml to
	/var/folders/4n/7zq8xg4s2b53s59brx6hr1l00000gn/T/unrolledParamFile.txt
INFO  [AWT-EventQueue-0] 2021-07-19 14:49:35,623 repast.simphony.batch.gui.BatchConfigMediator - Writing batch run config file to: /Users/aadhikari/Documents/Simulation/Tn/MATRIX_FINAL_SUBMISSION/UnrestProject/UnrestSocial/output/config.props
INFO  [AWT-EventQueue-0] 2021-07-19 14:49:35,680 repast.simphony.batch.gui.BatchConfigMediator - Unrolling batch parameter file:
	/Users/aadhikari/Documents/Simulation/Tn/MATRIX_FINAL_SUBMISSION/UnrestProject/UnrestSocial/batch/batch_params.xml to
	/var/folders/4n/7zq8xg4s2b53s59brx6hr1l00000gn/T/unrolledParamFile.txt
INFO  [AWT-EventQueue-0] 2021-07-19 14:52:26,200 repast.simphony.batch.gui.BatchConfigMediator - Writing batch run config file to: /Users/aadhikari/Documents/Simulation/Tn/MATRIX_FINAL_SUBMISSION/UnrestProject/UnrestSocial/output/config.props
INFO  [AWT-EventQueue-0] 2021-07-19 14:52:26,203 repast.simphony.batch.gui.BatchConfigMediator - Unrolling batch parameter file:
	/Users/aadhikari/Documents/Simulation/Tn/MATRIX_FINAL_SUBMISSION/UnrestProject/UnrestSocial/batch/batch_params.xml to
	/var/folders/4n/7zq8xg4s2b53s59brx6hr1l00000gn/T/unrolledParamFile.txt
INFO  [AWT-EventQueue-0] 2021-07-19 14:53:39,011 repast.simphony.batch.gui.BatchConfigMediator - Writing batch run config file to: /Users/aadhikari/Documents/Simulation/Tn/MATRIX_FINAL_SUBMISSION/UnrestProject/UnrestSocial/output/config.props
INFO  [AWT-EventQueue-0] 2021-07-19 14:53:39,013 repast.simphony.batch.gui.BatchConfigMediator - Unrolling batch parameter file:
	/Users/aadhikari/Documents/Simulation/Tn/MATRIX_FINAL_SUBMISSION/UnrestProject/UnrestSocial/batch/batch_params.xml to
	/var/folders/4n/7zq8xg4s2b53s59brx6hr1l00000gn/T/unrolledParamFile.txt
INFO  [AWT-EventQueue-0] 2021-07-19 14:54:57,767 repast.simphony.batch.gui.BatchConfigMediator - Writing batch run config file to: /Users/aadhikari/Documents/Simulation/Tn/MATRIX_FINAL_SUBMISSION/UnrestProject/UnrestSocial/output/config.props
INFO  [AWT-EventQueue-0] 2021-07-19 14:54:57,769 repast.simphony.batch.gui.BatchConfigMediator - Unrolling batch parameter file:
	/Users/aadhikari/Documents/Simulation/Tn/MATRIX_FINAL_SUBMISSION/UnrestProject/UnrestSocial/batch/batch_params.xml to
	/var/folders/4n/7zq8xg4s2b53s59brx6hr1l00000gn/T/unrolledParamFile.txt
INFO  [AWT-EventQueue-0] 2021-07-19 14:55:51,707 repast.simphony.batch.gui.BatchConfigMediator - Writing batch run config file to: /Users/aadhikari/Documents/Simulation/Tn/MATRIX_FINAL_SUBMISSION/UnrestProject/UnrestSocial/output/config.props
INFO  [AWT-EventQueue-0] 2021-07-19 14:55:51,709 repast.simphony.batch.gui.BatchConfigMediator - Unrolling batch parameter file:
	/Users/aadhikari/Documents/Simulation/Tn/MATRIX_FINAL_SUBMISSION/UnrestProject/UnrestSocial/batch/batch_params.xml to
	/var/folders/4n/7zq8xg4s2b53s59brx6hr1l00000gn/T/unrolledParamFile.txt
INFO  [AWT-EventQueue-0] 2021-07-19 14:56:43,677 repast.simphony.batch.gui.BatchConfigMediator - Writing batch run config file to: /Users/aadhikari/Documents/Simulation/Tn/MATRIX_FINAL_SUBMISSION/UnrestProject/UnrestSocial/output/config.props
INFO  [AWT-EventQueue-0] 2021-07-19 14:56:43,680 repast.simphony.batch.gui.BatchConfigMediator - Unrolling batch parameter file:
	/Users/aadhikari/Documents/Simulation/Tn/MATRIX_FINAL_SUBMISSION/UnrestProject/UnrestSocial/batch/batch_params.xml to
	/var/folders/4n/7zq8xg4s2b53s59brx6hr1l00000gn/T/unrolledParamFile.txt
INFO  [AWT-EventQueue-0] 2021-07-19 14:57:37,490 repast.simphony.batch.gui.BatchConfigMediator - Writing batch run config file to: /Users/aadhikari/Documents/Simulation/Tn/MATRIX_FINAL_SUBMISSION/UnrestProject/UnrestSocial/output/config.props
INFO  [AWT-EventQueue-0] 2021-07-19 14:57:37,493 repast.simphony.batch.gui.BatchConfigMediator - Unrolling batch parameter file:
	/Users/aadhikari/Documents/Simulation/Tn/MATRIX_FINAL_SUBMISSION/UnrestProject/UnrestSocial/batch/batch_params.xml to
	/var/folders/4n/7zq8xg4s2b53s59brx6hr1l00000gn/T/unrolledParamFile.txt
INFO  [AWT-EventQueue-0] 2021-07-19 14:57:57,654 repast.simphony.batch.gui.BatchConfigMediator - Writing batch run config file to: /Users/aadhikari/Documents/Simulation/Tn/MATRIX_FINAL_SUBMISSION/UnrestProject/UnrestSocial/output/config.props
INFO  [AWT-EventQueue-0] 2021-07-19 14:57:57,657 repast.simphony.batch.gui.BatchConfigMediator - Unrolling batch parameter file:
	/Users/aadhikari/Documents/Simulation/Tn/MATRIX_FINAL_SUBMISSION/UnrestProject/UnrestSocial/batch/batch_params.xml to
	/var/folders/4n/7zq8xg4s2b53s59brx6hr1l00000gn/T/unrolledParamFile.txt
INFO  [AWT-EventQueue-0] 2021-07-19 14:58:32,625 repast.simphony.batch.gui.BatchConfigMediator - Writing batch run config file to: /Users/aadhikari/Documents/Simulation/Tn/MATRIX_FINAL_SUBMISSION/UnrestProject/UnrestSocial/output/config.props
INFO  [AWT-EventQueue-0] 2021-07-19 14:58:32,626 repast.simphony.batch.gui.BatchConfigMediator - Unrolling batch parameter file:
	/Users/aadhikari/Documents/Simulation/Tn/MATRIX_FINAL_SUBMISSION/UnrestProject/UnrestSocial/batch/batch_params.xml to
	/var/folders/4n/7zq8xg4s2b53s59brx6hr1l00000gn/T/unrolledParamFile.txt
