2021-09-15 12:16:20,205 - Using logger class org.apache.velocity.runtime.log.SimpleLog4JLogSystem
2021-09-15 12:16:20,206 - Default ResourceManager initializing. (class org.apache.velocity.runtime.resource.ResourceManagerImpl)
2021-09-15 12:16:20,207 - Resource Loader Instantiated: org.apache.velocity.runtime.resource.loader.ClasspathResourceLoader
2021-09-15 12:16:20,207 - ClasspathResourceLoader : initialization starting.
2021-09-15 12:16:20,207 - ClasspathResourceLoader : initialization complete.
2021-09-15 12:16:20,208 - ResourceCache : initialized. (class org.apache.velocity.runtime.resource.ResourceCacheImpl)
2021-09-15 12:16:20,208 - Default ResourceManager initialization complete.
2021-09-15 12:16:20,208 - Loaded System Directive: org.apache.velocity.runtime.directive.Literal
2021-09-15 12:16:20,209 - Loaded System Directive: org.apache.velocity.runtime.directive.Macro
2021-09-15 12:16:20,210 - Loaded System Directive: org.apache.velocity.runtime.directive.Parse
2021-09-15 12:16:20,210 - Loaded System Directive: org.apache.velocity.runtime.directive.Include
2021-09-15 12:16:20,211 - Loaded System Directive: org.apache.velocity.runtime.directive.Foreach
2021-09-15 12:16:20,228 - Created: 20 parsers.
2021-09-15 12:16:20,231 - Velocimacro : initialization starting.
2021-09-15 12:16:20,232 - Velocimacro : adding VMs from VM library template : VM_global_library.vm
2021-09-15 12:16:20,233 - ResourceManager : unable to find resource 'VM_global_library.vm' in any resource loader.
2021-09-15 12:16:20,233 - Velocimacro : error using  VM library template VM_global_library.vm : org.apache.velocity.exception.ResourceNotFoundException: Unable to find resource 'VM_global_library.vm'
2021-09-15 12:16:20,233 - Velocimacro :  VM library template macro registration complete.
2021-09-15 12:16:20,233 - Velocimacro : allowInline = true : VMs can be defined inline in templates
2021-09-15 12:16:20,233 - Velocimacro : allowInlineToOverride = false : VMs defined inline may NOT replace previous VM definitions
2021-09-15 12:16:20,233 - Velocimacro : allowInlineLocal = false : VMs defined inline will be  global in scope if allowed.
2021-09-15 12:16:20,234 - Velocimacro : messages on  : VM system will output logging messages
2021-09-15 12:16:20,234 - Velocimacro : autoload off  : VM system will not automatically reload global library macros
2021-09-15 12:16:20,234 - Velocimacro : initialization complete.
2021-09-15 12:16:20,234 - Velocity successfully started.
2021-09-15 12:26:55,360 - SimpleLog4JLogSystem initialized using logfile 'velocity.log'
2021-09-15 12:26:55,360 - ************************************************************** 
2021-09-15 12:26:55,360 - Starting Jakarta Velocity v1.4
2021-09-15 12:26:55,360 - RuntimeInstance initializing.
2021-09-15 12:26:55,360 - Default Properties File: org/apache/velocity/runtime/defaults/velocity.properties
2021-09-15 12:26:55,360 - Trying to use logger class org.apache.velocity.runtime.log.SimpleLog4JLogSystem
2021-09-15 12:26:55,360 - Using logger class org.apache.velocity.runtime.log.SimpleLog4JLogSystem
2021-09-15 12:26:55,361 - Default ResourceManager initializing. (class org.apache.velocity.runtime.resource.ResourceManagerImpl)
2021-09-15 12:26:55,362 - Resource Loader Instantiated: org.apache.velocity.runtime.resource.loader.ClasspathResourceLoader
2021-09-15 12:26:55,362 - ClasspathResourceLoader : initialization starting.
2021-09-15 12:26:55,362 - ClasspathResourceLoader : initialization complete.
2021-09-15 12:26:55,362 - ResourceCache : initialized. (class org.apache.velocity.runtime.resource.ResourceCacheImpl)
2021-09-15 12:26:55,362 - Default ResourceManager initialization complete.
2021-09-15 12:26:55,363 - Loaded System Directive: org.apache.velocity.runtime.directive.Literal
2021-09-15 12:26:55,363 - Loaded System Directive: org.apache.velocity.runtime.directive.Macro
2021-09-15 12:26:55,364 - Loaded System Directive: org.apache.velocity.runtime.directive.Parse
2021-09-15 12:26:55,365 - Loaded System Directive: org.apache.velocity.runtime.directive.Include
2021-09-15 12:26:55,365 - Loaded System Directive: org.apache.velocity.runtime.directive.Foreach
2021-09-15 12:26:55,381 - Created: 20 parsers.
2021-09-15 12:26:55,382 - Velocimacro : initialization starting.
2021-09-15 12:26:55,382 - Velocimacro : adding VMs from VM library template : VM_global_library.vm
2021-09-15 12:26:55,383 - ResourceManager : unable to find resource 'VM_global_library.vm' in any resource loader.
2021-09-15 12:26:55,384 - Velocimacro : error using  VM library template VM_global_library.vm : org.apache.velocity.exception.ResourceNotFoundException: Unable to find resource 'VM_global_library.vm'
2021-09-15 12:26:55,384 - Velocimacro :  VM library template macro registration complete.
2021-09-15 12:26:55,384 - Velocimacro : allowInline = true : VMs can be defined inline in templates
2021-09-15 12:26:55,384 - Velocimacro : allowInlineToOverride = false : VMs defined inline may NOT replace previous VM definitions
2021-09-15 12:26:55,384 - Velocimacro : allowInlineLocal = false : VMs defined inline will be  global in scope if allowed.
2021-09-15 12:26:55,384 - Velocimacro : messages on  : VM system will output logging messages
2021-09-15 12:26:55,384 - Velocimacro : autoload off  : VM system will not automatically reload global library macros
2021-09-15 12:26:55,384 - Velocimacro : initialization complete.
2021-09-15 12:26:55,384 - Velocity successfully started.
2021-09-15 12:28:21,957 - SimpleLog4JLogSystem initialized using logfile 'velocity.log'
2021-09-15 12:28:21,957 - ************************************************************** 
2021-09-15 12:28:21,957 - Starting Jakarta Velocity v1.4
2021-09-15 12:28:21,957 - RuntimeInstance initializing.
2021-09-15 12:28:21,957 - Default Properties File: org/apache/velocity/runtime/defaults/velocity.properties
2021-09-15 12:28:21,957 - Trying to use logger class org.apache.velocity.runtime.log.SimpleLog4JLogSystem
2021-09-15 12:28:21,957 - Using logger class org.apache.velocity.runtime.log.SimpleLog4JLogSystem
2021-09-15 12:28:21,959 - Default ResourceManager initializing. (class org.apache.velocity.runtime.resource.ResourceManagerImpl)
2021-09-15 12:28:21,959 - Resource Loader Instantiated: org.apache.velocity.runtime.resource.loader.ClasspathResourceLoader
2021-09-15 12:28:21,959 - ClasspathResourceLoader : initialization starting.
2021-09-15 12:28:21,959 - ClasspathResourceLoader : initialization complete.
2021-09-15 12:28:21,960 - ResourceCache : initialized. (class org.apache.velocity.runtime.resource.ResourceCacheImpl)
2021-09-15 12:28:21,960 - Default ResourceManager initialization complete.
2021-09-15 12:28:21,960 - Loaded System Directive: org.apache.velocity.runtime.directive.Literal
2021-09-15 12:28:21,961 - Loaded System Directive: org.apache.velocity.runtime.directive.Macro
2021-09-15 12:28:21,962 - Loaded System Directive: org.apache.velocity.runtime.directive.Parse
2021-09-15 12:28:21,962 - Loaded System Directive: org.apache.velocity.runtime.directive.Include
2021-09-15 12:28:21,963 - Loaded System Directive: org.apache.velocity.runtime.directive.Foreach
2021-09-15 12:28:21,978 - Created: 20 parsers.
2021-09-15 12:28:21,980 - Velocimacro : initialization starting.
2021-09-15 12:28:21,980 - Velocimacro : adding VMs from VM library template : VM_global_library.vm
2021-09-15 12:28:21,981 - ResourceManager : unable to find resource 'VM_global_library.vm' in any resource loader.
2021-09-15 12:28:21,981 - Velocimacro : error using  VM library template VM_global_library.vm : org.apache.velocity.exception.ResourceNotFoundException: Unable to find resource 'VM_global_library.vm'
2021-09-15 12:28:21,981 - Velocimacro :  VM library template macro registration complete.
2021-09-15 12:28:21,981 - Velocimacro : allowInline = true : VMs can be defined inline in templates
2021-09-15 12:28:21,981 - Velocimacro : allowInlineToOverride = false : VMs defined inline may NOT replace previous VM definitions
2021-09-15 12:28:21,981 - Velocimacro : allowInlineLocal = false : VMs defined inline will be  global in scope if allowed.
2021-09-15 12:28:21,981 - Velocimacro : messages on  : VM system will output logging messages
2021-09-15 12:28:21,981 - Velocimacro : autoload off  : VM system will not automatically reload global library macros
2021-09-15 12:28:21,981 - Velocimacro : initialization complete.
2021-09-15 12:28:21,981 - Velocity successfully started.
2021-09-16 14:11:26,291 - SimpleLog4JLogSystem initialized using logfile 'velocity.log'
2021-09-16 14:11:26,292 - ************************************************************** 
2021-09-16 14:11:26,292 - Starting Jakarta Velocity v1.4
2021-09-16 14:11:26,292 - RuntimeInstance initializing.
2021-09-16 14:11:26,292 - Default Properties File: org/apache/velocity/runtime/defaults/velocity.properties
2021-09-16 14:11:26,292 - Trying to use logger class org.apache.velocity.runtime.log.SimpleLog4JLogSystem
2021-09-16 14:11:26,292 - Using logger class org.apache.velocity.runtime.log.SimpleLog4JLogSystem
2021-09-16 14:11:26,293 - Default ResourceManager initializing. (class org.apache.velocity.runtime.resource.ResourceManagerImpl)
2021-09-16 14:11:26,295 - Resource Loader Instantiated: org.apache.velocity.runtime.resource.loader.ClasspathResourceLoader
2021-09-16 14:11:26,295 - ClasspathResourceLoader : initialization starting.
2021-09-16 14:11:26,295 - ClasspathResourceLoader : initialization complete.
2021-09-16 14:11:26,295 - ResourceCache : initialized. (class org.apache.velocity.runtime.resource.ResourceCacheImpl)
2021-09-16 14:11:26,295 - Default ResourceManager initialization complete.
2021-09-16 14:11:26,296 - Loaded System Directive: org.apache.velocity.runtime.directive.Literal
2021-09-16 14:11:26,297 - Loaded System Directive: org.apache.velocity.runtime.directive.Macro
2021-09-16 14:11:26,297 - Loaded System Directive: org.apache.velocity.runtime.directive.Parse
2021-09-16 14:11:26,298 - Loaded System Directive: org.apache.velocity.runtime.directive.Include
2021-09-16 14:11:26,299 - Loaded System Directive: org.apache.velocity.runtime.directive.Foreach
2021-09-16 14:11:26,316 - Created: 20 parsers.
2021-09-16 14:11:26,318 - Velocimacro : initialization starting.
2021-09-16 14:11:26,318 - Velocimacro : adding VMs from VM library template : VM_global_library.vm
2021-09-16 14:11:26,319 - ResourceManager : unable to find resource 'VM_global_library.vm' in any resource loader.
2021-09-16 14:11:26,319 - Velocimacro : error using  VM library template VM_global_library.vm : org.apache.velocity.exception.ResourceNotFoundException: Unable to find resource 'VM_global_library.vm'
2021-09-16 14:11:26,319 - Velocimacro :  VM library template macro registration complete.
2021-09-16 14:11:26,319 - Velocimacro : allowInline = true : VMs can be defined inline in templates
2021-09-16 14:11:26,319 - Velocimacro : allowInlineToOverride = false : VMs defined inline may NOT replace previous VM definitions
2021-09-16 14:11:26,319 - Velocimacro : allowInlineLocal = false : VMs defined inline will be  global in scope if allowed.
2021-09-16 14:11:26,319 - Velocimacro : messages on  : VM system will output logging messages
2021-09-16 14:11:26,319 - Velocimacro : autoload off  : VM system will not automatically reload global library macros
2021-09-16 14:11:26,319 - Velocimacro : initialization complete.
2021-09-16 14:11:26,319 - Velocity successfully started.
